2026-01-30 14:34:38,943 INFO: Using macOS Mail (osascript)
2026-01-30 14:34:39,817 INFO: Mail sent to evelynlucky1974@gmail.com (sender=true)
2026-02-02 03:32:10,461 INFO: Using WhatsApp deeplink
2026-02-02 03:32:10,926 INFO: Opened WhatsApp for 2349046539409
2026-02-02 03:37:03,107 INFO: Using WhatsApp deeplink
2026-02-02 03:37:03,875 INFO: Opened WhatsApp for 2349046539409
2026-02-02 03:42:41,574 INFO: Scheduler thread started
2026-02-02 03:45:00,064 INFO: Executing scheduled send to 2349046539409
2026-02-02 03:45:00,067 INFO: Using WhatsApp deeplink
2026-02-02 03:45:00,875 INFO: Opened WhatsApp for 2349046539409
2026-02-02 03:55:00,820 INFO: Executing scheduled send to 2349046539409
2026-02-02 03:55:00,824 INFO: Using WhatsApp deeplink
2026-02-02 03:55:01,390 INFO: Opened WhatsApp for 2349046539409
2026-04-14 11:47:29,159 INFO: Scheduler thread started
2026-04-14 11:48:41,679 INFO: Using WhatsApp deeplink
2026-04-14 11:48:42,172 INFO: Opened WhatsApp for 2347041978949
2026-04-14 11:56:00,108 INFO: Executing scheduled send to +2347041978949
2026-04-14 11:56:00,116 INFO: Using WhatsApp deeplink
2026-04-14 11:56:00,607 INFO: Opened WhatsApp for 2347041978949
2026-04-14 11:56:00,646 INFO: Executing scheduled send to +2347041978949
2026-04-14 11:56:00,647 INFO: Using WhatsApp deeplink
2026-04-14 11:56:01,483 INFO: Opened WhatsApp for 2347041978949
2026-04-14 11:58:26,472 INFO: Scheduler thread started
2026-04-15 17:48:38,760 INFO: Scheduler thread started
2026-04-15 18:18:07,674 INFO: Scheduler thread started
2026-04-15 18:22:00,870 INFO: Executing scheduled send: Send to +2347041978949 at 2026-04-15 18:22
2026-04-15 18:22:00,872 INFO: Executing scheduled send to +2347041978949
2026-04-15 18:22:00,872 INFO: Using WhatsApp Web automation
2026-04-15 18:25:13,831 ERROR: Scheduled send failed
Traceback (most recent call last):
  File "/Users/malice/BIG BAD/Automation/auto_send.py", line 475, in send_scheduled
    send_sms(number, message, method=method_key, subject=subject, attachments=attachments)
    ~~~~~~~~^^^^^^^^^^^^^^^^^^^^^^^^^^^^^^^^^^^^^^^^^^^^^^^^^^^^^^^^^^^^^^^^^^^^^^^^^^^^^^
  File "/Users/malice/BIG BAD/Automation/auto_send.py", line 270, in send_sms
    return _send_via_whatsapp(number, message, attachments=attachments)
  File "/Users/malice/BIG BAD/Automation/auto_send.py", line 230, in _send_via_whatsapp
    return _send_via_whatsapp_web(number, message, attachments=attachments)
  File "/Users/malice/BIG BAD/Automation/auto_send.py", line 204, in _send_via_whatsapp_web
    page.wait_for_selector('div[contenteditable="true"][data-tab="10"], div[title="Type a message"]', timeout=120000)
    ~~~~~~~~~~~~~~~~~~~~~~^^^^^^^^^^^^^^^^^^^^^^^^^^^^^^^^^^^^^^^^^^^^^^^^^^^^^^^^^^^^^^^^^^^^^^^^^^^^^^^^^^^^^^^^^^^
  File "/Library/Frameworks/Python.framework/Versions/3.14/lib/python3.14/site-packages/playwright/sync_api/_generated.py", line 8213, in wait_for_selector
    self._sync(
    ~~~~~~~~~~^
        self._impl_obj.wait_for_selector(
        ^^^^^^^^^^^^^^^^^^^^^^^^^^^^^^^^^
            selector=selector, timeout=timeout, state=state, strict=strict
            ^^^^^^^^^^^^^^^^^^^^^^^^^^^^^^^^^^^^^^^^^^^^^^^^^^^^^^^^^^^^^^
        )
        ^
    )
    ^
  File "/Library/Frameworks/Python.framework/Versions/3.14/lib/python3.14/site-packages/playwright/_impl/_sync_base.py", line 115, in _sync
    return task.result()
           ~~~~~~~~~~~^^
  File "/Library/Frameworks/Python.framework/Versions/3.14/lib/python3.14/site-packages/playwright/_impl/_page.py", line 419, in wait_for_selector
    return await self._main_frame.wait_for_selector(**locals_to_params(locals()))
           ^^^^^^^^^^^^^^^^^^^^^^^^^^^^^^^^^^^^^^^^^^^^^^^^^^^^^^^^^^^^^^^^^^^^^^
  File "/Library/Frameworks/Python.framework/Versions/3.14/lib/python3.14/site-packages/playwright/_impl/_frame.py", line 369, in wait_for_selector
    await self._channel.send(
        "waitForSelector", self._timeout, locals_to_params(locals())
    )
  File "/Library/Frameworks/Python.framework/Versions/3.14/lib/python3.14/site-packages/playwright/_impl/_connection.py", line 69, in send
    return await self._connection.wrap_api_call(
           ^^^^^^^^^^^^^^^^^^^^^^^^^^^^^^^^^^^^^
    ...<3 lines>...
    )
    ^
  File "/Library/Frameworks/Python.framework/Versions/3.14/lib/python3.14/site-packages/playwright/_impl/_connection.py", line 559, in wrap_api_call
    raise rewrite_error(error, f"{parsed_st['apiName']}: {error}") from None
playwright._impl._errors.TimeoutError: Page.wait_for_selector: Timeout 120000ms exceeded.
Call log:
  - waiting for locator("div[contenteditable=\"true\"][data-tab=\"10\"], div[title=\"Type a message\"]") to be visible

2026-04-15 18:25:13,847 INFO: Executing scheduled send: Send to +2347041978949 at 2026-04-15 18:22
2026-04-15 18:25:13,847 INFO: Executing scheduled send to +2347041978949
2026-04-15 18:25:13,848 INFO: Using WhatsApp Web automation
2026-04-15 18:27:21,956 ERROR: Scheduled send failed
Traceback (most recent call last):
  File "/Users/malice/BIG BAD/Automation/auto_send.py", line 475, in send_scheduled
    send_sms(number, message, method=method_key, subject=subject, attachments=attachments)
    ~~~~~~~~^^^^^^^^^^^^^^^^^^^^^^^^^^^^^^^^^^^^^^^^^^^^^^^^^^^^^^^^^^^^^^^^^^^^^^^^^^^^^^
  File "/Users/malice/BIG BAD/Automation/auto_send.py", line 270, in send_sms
    return _send_via_whatsapp(number, message, attachments=attachments)
  File "/Users/malice/BIG BAD/Automation/auto_send.py", line 230, in _send_via_whatsapp
    return _send_via_whatsapp_web(number, message, attachments=attachments)
  File "/Users/malice/BIG BAD/Automation/auto_send.py", line 204, in _send_via_whatsapp_web
    page.wait_for_selector('div[contenteditable="true"][data-tab="10"], div[title="Type a message"]', timeout=120000)
    ~~~~~~~~~~~~~~~~~~~~~~^^^^^^^^^^^^^^^^^^^^^^^^^^^^^^^^^^^^^^^^^^^^^^^^^^^^^^^^^^^^^^^^^^^^^^^^^^^^^^^^^^^^^^^^^^^
  File "/Library/Frameworks/Python.framework/Versions/3.14/lib/python3.14/site-packages/playwright/sync_api/_generated.py", line 8213, in wait_for_selector
    self._sync(
    ~~~~~~~~~~^
        self._impl_obj.wait_for_selector(
        ^^^^^^^^^^^^^^^^^^^^^^^^^^^^^^^^^
            selector=selector, timeout=timeout, state=state, strict=strict
            ^^^^^^^^^^^^^^^^^^^^^^^^^^^^^^^^^^^^^^^^^^^^^^^^^^^^^^^^^^^^^^
        )
        ^
    )
    ^
  File "/Library/Frameworks/Python.framework/Versions/3.14/lib/python3.14/site-packages/playwright/_impl/_sync_base.py", line 115, in _sync
    return task.result()
           ~~~~~~~~~~~^^
  File "/Library/Frameworks/Python.framework/Versions/3.14/lib/python3.14/site-packages/playwright/_impl/_page.py", line 419, in wait_for_selector
    return await self._main_frame.wait_for_selector(**locals_to_params(locals()))
           ^^^^^^^^^^^^^^^^^^^^^^^^^^^^^^^^^^^^^^^^^^^^^^^^^^^^^^^^^^^^^^^^^^^^^^
  File "/Library/Frameworks/Python.framework/Versions/3.14/lib/python3.14/site-packages/playwright/_impl/_frame.py", line 369, in wait_for_selector
    await self._channel.send(
        "waitForSelector", self._timeout, locals_to_params(locals())
    )
  File "/Library/Frameworks/Python.framework/Versions/3.14/lib/python3.14/site-packages/playwright/_impl/_connection.py", line 69, in send
    return await self._connection.wrap_api_call(
           ^^^^^^^^^^^^^^^^^^^^^^^^^^^^^^^^^^^^^
    ...<3 lines>...
    )
    ^
  File "/Library/Frameworks/Python.framework/Versions/3.14/lib/python3.14/site-packages/playwright/_impl/_connection.py", line 559, in wrap_api_call
    raise rewrite_error(error, f"{parsed_st['apiName']}: {error}") from None
playwright._impl._errors.TimeoutError: Page.wait_for_selector: Timeout 120000ms exceeded.
Call log:
  - waiting for locator("div[contenteditable=\"true\"][data-tab=\"10\"], div[title=\"Type a message\"]") to be visible

2026-04-15 18:27:22,971 INFO: Executing scheduled send: Send to +2347041978949 at 2026-04-15 18:25
2026-04-15 18:27:22,971 INFO: Executing scheduled send to +2347041978949
2026-04-15 18:27:22,971 INFO: Using WhatsApp Web automation
2026-04-15 18:29:27,737 ERROR: Scheduled send failed
Traceback (most recent call last):
  File "/Users/malice/BIG BAD/Automation/auto_send.py", line 475, in send_scheduled
    send_sms(number, message, method=method_key, subject=subject, attachments=attachments)
    ~~~~~~~~^^^^^^^^^^^^^^^^^^^^^^^^^^^^^^^^^^^^^^^^^^^^^^^^^^^^^^^^^^^^^^^^^^^^^^^^^^^^^^
  File "/Users/malice/BIG BAD/Automation/auto_send.py", line 270, in send_sms
    return _send_via_whatsapp(number, message, attachments=attachments)
  File "/Users/malice/BIG BAD/Automation/auto_send.py", line 230, in _send_via_whatsapp
    return _send_via_whatsapp_web(number, message, attachments=attachments)
  File "/Users/malice/BIG BAD/Automation/auto_send.py", line 204, in _send_via_whatsapp_web
    page.wait_for_selector('div[contenteditable="true"][data-tab="10"], div[title="Type a message"]', timeout=120000)
    ~~~~~~~~~~~~~~~~~~~~~~^^^^^^^^^^^^^^^^^^^^^^^^^^^^^^^^^^^^^^^^^^^^^^^^^^^^^^^^^^^^^^^^^^^^^^^^^^^^^^^^^^^^^^^^^^^
  File "/Library/Frameworks/Python.framework/Versions/3.14/lib/python3.14/site-packages/playwright/sync_api/_generated.py", line 8213, in wait_for_selector
    self._sync(
    ~~~~~~~~~~^
        self._impl_obj.wait_for_selector(
        ^^^^^^^^^^^^^^^^^^^^^^^^^^^^^^^^^
            selector=selector, timeout=timeout, state=state, strict=strict
            ^^^^^^^^^^^^^^^^^^^^^^^^^^^^^^^^^^^^^^^^^^^^^^^^^^^^^^^^^^^^^^
        )
        ^
    )
    ^
  File "/Library/Frameworks/Python.framework/Versions/3.14/lib/python3.14/site-packages/playwright/_impl/_sync_base.py", line 115, in _sync
    return task.result()
           ~~~~~~~~~~~^^
  File "/Library/Frameworks/Python.framework/Versions/3.14/lib/python3.14/site-packages/playwright/_impl/_page.py", line 419, in wait_for_selector
    return await self._main_frame.wait_for_selector(**locals_to_params(locals()))
           ^^^^^^^^^^^^^^^^^^^^^^^^^^^^^^^^^^^^^^^^^^^^^^^^^^^^^^^^^^^^^^^^^^^^^^
  File "/Library/Frameworks/Python.framework/Versions/3.14/lib/python3.14/site-packages/playwright/_impl/_frame.py", line 369, in wait_for_selector
    await self._channel.send(
        "waitForSelector", self._timeout, locals_to_params(locals())
    )
  File "/Library/Frameworks/Python.framework/Versions/3.14/lib/python3.14/site-packages/playwright/_impl/_connection.py", line 69, in send
    return await self._connection.wrap_api_call(
           ^^^^^^^^^^^^^^^^^^^^^^^^^^^^^^^^^^^^^
    ...<3 lines>...
    )
    ^
  File "/Library/Frameworks/Python.framework/Versions/3.14/lib/python3.14/site-packages/playwright/_impl/_connection.py", line 559, in wrap_api_call
    raise rewrite_error(error, f"{parsed_st['apiName']}: {error}") from None
playwright._impl._errors.TimeoutError: Page.wait_for_selector: Timeout 120000ms exceeded.
Call log:
  - waiting for locator("div[contenteditable=\"true\"][data-tab=\"10\"], div[title=\"Type a message\"]") to be visible

2026-04-15 18:31:51,031 INFO: Using WhatsApp Web automation
2026-04-15 18:33:58,132 ERROR: Send failed
Traceback (most recent call last):
  File "/Users/malice/BIG BAD/Automation/auto_send.py", line 434, in on_send
    result = send_sms(number, message, method=method_key, subject=subject, attachments=attachments)
  File "/Users/malice/BIG BAD/Automation/auto_send.py", line 270, in send_sms
    return _send_via_whatsapp(number, message, attachments=attachments)
  File "/Users/malice/BIG BAD/Automation/auto_send.py", line 230, in _send_via_whatsapp
    return _send_via_whatsapp_web(number, message, attachments=attachments)
  File "/Users/malice/BIG BAD/Automation/auto_send.py", line 204, in _send_via_whatsapp_web
    page.wait_for_selector('div[contenteditable="true"][data-tab="10"], div[title="Type a message"]', timeout=120000)
    ~~~~~~~~~~~~~~~~~~~~~~^^^^^^^^^^^^^^^^^^^^^^^^^^^^^^^^^^^^^^^^^^^^^^^^^^^^^^^^^^^^^^^^^^^^^^^^^^^^^^^^^^^^^^^^^^^
  File "/Library/Frameworks/Python.framework/Versions/3.14/lib/python3.14/site-packages/playwright/sync_api/_generated.py", line 8213, in wait_for_selector
    self._sync(
    ~~~~~~~~~~^
        self._impl_obj.wait_for_selector(
        ^^^^^^^^^^^^^^^^^^^^^^^^^^^^^^^^^
            selector=selector, timeout=timeout, state=state, strict=strict
            ^^^^^^^^^^^^^^^^^^^^^^^^^^^^^^^^^^^^^^^^^^^^^^^^^^^^^^^^^^^^^^
        )
        ^
    )
    ^
  File "/Library/Frameworks/Python.framework/Versions/3.14/lib/python3.14/site-packages/playwright/_impl/_sync_base.py", line 115, in _sync
    return task.result()
           ~~~~~~~~~~~^^
  File "/Library/Frameworks/Python.framework/Versions/3.14/lib/python3.14/site-packages/playwright/_impl/_page.py", line 419, in wait_for_selector
    return await self._main_frame.wait_for_selector(**locals_to_params(locals()))
           ^^^^^^^^^^^^^^^^^^^^^^^^^^^^^^^^^^^^^^^^^^^^^^^^^^^^^^^^^^^^^^^^^^^^^^
  File "/Library/Frameworks/Python.framework/Versions/3.14/lib/python3.14/site-packages/playwright/_impl/_frame.py", line 369, in wait_for_selector
    await self._channel.send(
        "waitForSelector", self._timeout, locals_to_params(locals())
    )
  File "/Library/Frameworks/Python.framework/Versions/3.14/lib/python3.14/site-packages/playwright/_impl/_connection.py", line 69, in send
    return await self._connection.wrap_api_call(
           ^^^^^^^^^^^^^^^^^^^^^^^^^^^^^^^^^^^^^
    ...<3 lines>...
    )
    ^
  File "/Library/Frameworks/Python.framework/Versions/3.14/lib/python3.14/site-packages/playwright/_impl/_connection.py", line 559, in wrap_api_call
    raise rewrite_error(error, f"{parsed_st['apiName']}: {error}") from None
playwright._impl._errors.TimeoutError: Page.wait_for_selector: Timeout 120000ms exceeded.
Call log:
  - waiting for locator("div[contenteditable=\"true\"][data-tab=\"10\"], div[title=\"Type a message\"]") to be visible

2026-04-15 18:34:11,174 INFO: Using WhatsApp Web automation
2026-04-15 18:36:17,948 ERROR: Send failed
Traceback (most recent call last):
  File "/Users/malice/BIG BAD/Automation/auto_send.py", line 434, in on_send
    result = send_sms(number, message, method=method_key, subject=subject, attachments=attachments)
  File "/Users/malice/BIG BAD/Automation/auto_send.py", line 270, in send_sms
    return _send_via_whatsapp(number, message, attachments=attachments)
  File "/Users/malice/BIG BAD/Automation/auto_send.py", line 230, in _send_via_whatsapp
    return _send_via_whatsapp_web(number, message, attachments=attachments)
  File "/Users/malice/BIG BAD/Automation/auto_send.py", line 204, in _send_via_whatsapp_web
    page.wait_for_selector('div[contenteditable="true"][data-tab="10"], div[title="Type a message"]', timeout=120000)
    ~~~~~~~~~~~~~~~~~~~~~~^^^^^^^^^^^^^^^^^^^^^^^^^^^^^^^^^^^^^^^^^^^^^^^^^^^^^^^^^^^^^^^^^^^^^^^^^^^^^^^^^^^^^^^^^^^
  File "/Library/Frameworks/Python.framework/Versions/3.14/lib/python3.14/site-packages/playwright/sync_api/_generated.py", line 8213, in wait_for_selector
    self._sync(
    ~~~~~~~~~~^
        self._impl_obj.wait_for_selector(
        ^^^^^^^^^^^^^^^^^^^^^^^^^^^^^^^^^
            selector=selector, timeout=timeout, state=state, strict=strict
            ^^^^^^^^^^^^^^^^^^^^^^^^^^^^^^^^^^^^^^^^^^^^^^^^^^^^^^^^^^^^^^
        )
        ^
    )
    ^
  File "/Library/Frameworks/Python.framework/Versions/3.14/lib/python3.14/site-packages/playwright/_impl/_sync_base.py", line 115, in _sync
    return task.result()
           ~~~~~~~~~~~^^
  File "/Library/Frameworks/Python.framework/Versions/3.14/lib/python3.14/site-packages/playwright/_impl/_page.py", line 419, in wait_for_selector
    return await self._main_frame.wait_for_selector(**locals_to_params(locals()))
           ^^^^^^^^^^^^^^^^^^^^^^^^^^^^^^^^^^^^^^^^^^^^^^^^^^^^^^^^^^^^^^^^^^^^^^
  File "/Library/Frameworks/Python.framework/Versions/3.14/lib/python3.14/site-packages/playwright/_impl/_frame.py", line 369, in wait_for_selector
    await self._channel.send(
        "waitForSelector", self._timeout, locals_to_params(locals())
    )
  File "/Library/Frameworks/Python.framework/Versions/3.14/lib/python3.14/site-packages/playwright/_impl/_connection.py", line 69, in send
    return await self._connection.wrap_api_call(
           ^^^^^^^^^^^^^^^^^^^^^^^^^^^^^^^^^^^^^
    ...<3 lines>...
    )
    ^
  File "/Library/Frameworks/Python.framework/Versions/3.14/lib/python3.14/site-packages/playwright/_impl/_connection.py", line 559, in wrap_api_call
    raise rewrite_error(error, f"{parsed_st['apiName']}: {error}") from None
playwright._impl._errors.TimeoutError: Page.wait_for_selector: Timeout 120000ms exceeded.
Call log:
  - waiting for locator("div[contenteditable=\"true\"][data-tab=\"10\"], div[title=\"Type a message\"]") to be visible

2026-04-15 18:37:00,530 INFO: Executing scheduled send: Send to +2347041978949 at 2026-04-15 18:37
2026-04-15 18:37:00,530 INFO: Executing scheduled send to +2347041978949
2026-04-15 18:37:00,531 INFO: Using WhatsApp Web automation
2026-04-15 18:37:23,192 INFO: Message sent to WhatsApp contact 2347041978949
2026-04-15 18:41:13,764 INFO: Scheduler thread started
2026-04-15 18:49:56,110 INFO: Scheduler thread started
2026-04-15 19:00:15,130 INFO: Scheduler thread started
2026-04-15 19:08:01,711 INFO: Scheduler thread started
2026-04-15 19:09:00,227 INFO: Executing scheduled send: Send to +2347041978949 at 2026-04-15 19:09
2026-04-15 19:09:00,229 INFO: Executing scheduled send to +2347041978949
2026-04-15 19:09:00,821 INFO: Opened installed WhatsApp app at /Applications/WhatsApp.app
2026-04-15 19:10:22,780 INFO: Opened installed WhatsApp app at /Applications/WhatsApp.app
2026-04-17 03:45:43,811 INFO: Scheduler thread started
2026-04-17 03:47:00,293 INFO: Executing scheduled send: Send to +2348131044675 at 2026-04-17 03:47
2026-04-17 03:47:00,295 INFO: Executing scheduled send to +2348131044675
2026-04-17 03:47:01,575 INFO: Opened installed WhatsApp app at /Applications/WhatsApp.app
2026-04-17 03:57:12,667 INFO: Opened installed WhatsApp app at /Applications/WhatsApp.app
2026-04-17 04:06:07,835 INFO: Opened installed WhatsApp app at /Applications/WhatsApp.app
2026-04-17 04:07:33,329 INFO: Opened installed WhatsApp app at /Applications/WhatsApp.app
2026-04-17 04:08:01,598 INFO: Opened installed WhatsApp app at /Applications/WhatsApp.app
2026-04-17 04:11:56,115 INFO: Opened installed WhatsApp app at /Applications/WhatsApp.app
2026-04-17 04:16:30,018 INFO: Scheduler thread started
2026-04-17 04:16:46,135 INFO: Using WhatsApp Web automation
2026-04-17 04:16:46,135 INFO: Using system Chrome executable: /Applications/Google Chrome.app/Contents/MacOS/Google Chrome
2026-04-17 04:17:03,124 ERROR: Send failed
Traceback (most recent call last):
  File "/Users/malice/BIG BAD/Automation/auto_send.py", line 441, in on_send
    result = send_sms(number, message, method=method_key, subject=subject, attachments=attachments)
  File "/Users/malice/BIG BAD/Automation/auto_send.py", line 274, in send_sms
    return _send_via_whatsapp(number, message, attachments=attachments)
  File "/Users/malice/BIG BAD/Automation/auto_send.py", line 245, in _send_via_whatsapp
    return _send_via_whatsapp_web(number, message, attachments=attachments)
  File "/Users/malice/BIG BAD/Automation/auto_send.py", line 218, in _send_via_whatsapp_web
    page.goto(f"https://web.whatsapp.com/send?phone={phone}", timeout=120000)
    ~~~~~~~~~^^^^^^^^^^^^^^^^^^^^^^^^^^^^^^^^^^^^^^^^^^^^^^^^^^^^^^^^^^^^^^^^
  File "/Library/Frameworks/Python.framework/Versions/3.14/lib/python3.14/site-packages/playwright/sync_api/_generated.py", line 9050, in goto
    self._sync(
    ~~~~~~~~~~^
        self._impl_obj.goto(
        ^^^^^^^^^^^^^^^^^^^^
            url=url, timeout=timeout, waitUntil=wait_until, referer=referer
            ^^^^^^^^^^^^^^^^^^^^^^^^^^^^^^^^^^^^^^^^^^^^^^^^^^^^^^^^^^^^^^^
        )
        ^
    )
    ^
  File "/Library/Frameworks/Python.framework/Versions/3.14/lib/python3.14/site-packages/playwright/_impl/_sync_base.py", line 115, in _sync
    return task.result()
           ~~~~~~~~~~~^^
  File "/Library/Frameworks/Python.framework/Versions/3.14/lib/python3.14/site-packages/playwright/_impl/_page.py", line 552, in goto
    return await self._main_frame.goto(**locals_to_params(locals()))
           ^^^^^^^^^^^^^^^^^^^^^^^^^^^^^^^^^^^^^^^^^^^^^^^^^^^^^^^^^
  File "/Library/Frameworks/Python.framework/Versions/3.14/lib/python3.14/site-packages/playwright/_impl/_frame.py", line 153, in goto
    await self._channel.send(
        "goto", self._navigation_timeout, locals_to_params(locals())
    )
  File "/Library/Frameworks/Python.framework/Versions/3.14/lib/python3.14/site-packages/playwright/_impl/_connection.py", line 69, in send
    return await self._connection.wrap_api_call(
           ^^^^^^^^^^^^^^^^^^^^^^^^^^^^^^^^^^^^^
    ...<3 lines>...
    )
    ^
  File "/Library/Frameworks/Python.framework/Versions/3.14/lib/python3.14/site-packages/playwright/_impl/_connection.py", line 559, in wrap_api_call
    raise rewrite_error(error, f"{parsed_st['apiName']}: {error}") from None
playwright._impl._errors.TargetClosedError: Page.goto: Target page, context or browser has been closed
Call log:
  - navigating to "https://web.whatsapp.com/send?phone=2348131044675", waiting until "load"

2026-04-17 04:20:31,936 INFO: Scheduler thread started
2026-04-17 04:20:47,235 INFO: Using WhatsApp Web automation
2026-04-17 04:21:02,531 ERROR: Send failed
Traceback (most recent call last):
  File "/Users/malice/BIG BAD/Automation/auto_send.py", line 440, in on_send
    result = send_sms(number, message, method=method_key, subject=subject, attachments=attachments)
  File "/Users/malice/BIG BAD/Automation/auto_send.py", line 273, in send_sms
    return _send_via_whatsapp(number, message, attachments=attachments)
  File "/Users/malice/BIG BAD/Automation/auto_send.py", line 244, in _send_via_whatsapp
    return _send_via_whatsapp_web(number, message, attachments=attachments)
  File "/Users/malice/BIG BAD/Automation/auto_send.py", line 215, in _send_via_whatsapp_web
    browser = pw.chromium.connect_over_cdp("http://localhost:9222")
  File "/Library/Frameworks/Python.framework/Versions/3.14/lib/python3.14/site-packages/playwright/sync_api/_generated.py", line 14975, in connect_over_cdp
    self._sync(
    ~~~~~~~~~~^
        self._impl_obj.connect_over_cdp(
        ^^^^^^^^^^^^^^^^^^^^^^^^^^^^^^^^
    ...<4 lines>...
        )
        ^
    )
    ^
  File "/Library/Frameworks/Python.framework/Versions/3.14/lib/python3.14/site-packages/playwright/_impl/_sync_base.py", line 115, in _sync
    return task.result()
           ~~~~~~~~~~~^^
  File "/Library/Frameworks/Python.framework/Versions/3.14/lib/python3.14/site-packages/playwright/_impl/_browser_type.py", line 207, in connect_over_cdp
    response = await self._channel.send_return_as_dict(
               ^^^^^^^^^^^^^^^^^^^^^^^^^^^^^^^^^^^^^^^^
        "connectOverCDP", TimeoutSettings.launch_timeout, params
        ^^^^^^^^^^^^^^^^^^^^^^^^^^^^^^^^^^^^^^^^^^^^^^^^^^^^^^^^
    )
    ^
  File "/Library/Frameworks/Python.framework/Versions/3.14/lib/python3.14/site-packages/playwright/_impl/_connection.py", line 83, in send_return_as_dict
    return await self._connection.wrap_api_call(
           ^^^^^^^^^^^^^^^^^^^^^^^^^^^^^^^^^^^^^
    ...<3 lines>...
    )
    ^
  File "/Library/Frameworks/Python.framework/Versions/3.14/lib/python3.14/site-packages/playwright/_impl/_connection.py", line 559, in wrap_api_call
    raise rewrite_error(error, f"{parsed_st['apiName']}: {error}") from None
playwright._impl._errors.Error: BrowserType.connect_over_cdp: connect ECONNREFUSED ::1:9222
Call log:
  - <ws preparing> retrieving websocket url from http://localhost:9222

2026-04-17 04:21:05,703 INFO: Using WhatsApp Web automation
2026-04-17 04:22:18,748 INFO: Scheduler thread started
2026-04-17 04:22:35,959 INFO: Using WhatsApp Web automation
2026-04-17 04:22:52,033 ERROR: Send failed
Traceback (most recent call last):
  File "/Users/malice/BIG BAD/Automation/auto_send.py", line 440, in on_send
    result = send_sms(number, message, method=method_key, subject=subject, attachments=attachments)
  File "/Users/malice/BIG BAD/Automation/auto_send.py", line 273, in send_sms
    return _send_via_whatsapp(number, message, attachments=attachments)
  File "/Users/malice/BIG BAD/Automation/auto_send.py", line 244, in _send_via_whatsapp
    return _send_via_whatsapp_web(number, message, attachments=attachments)
  File "/Users/malice/BIG BAD/Automation/auto_send.py", line 215, in _send_via_whatsapp_web
    browser = pw.chromium.connect_over_cdp("http://localhost:9222")
  File "/Library/Frameworks/Python.framework/Versions/3.14/lib/python3.14/site-packages/playwright/sync_api/_generated.py", line 14975, in connect_over_cdp
    self._sync(
    ~~~~~~~~~~^
        self._impl_obj.connect_over_cdp(
        ^^^^^^^^^^^^^^^^^^^^^^^^^^^^^^^^
    ...<4 lines>...
        )
        ^
    )
    ^
  File "/Library/Frameworks/Python.framework/Versions/3.14/lib/python3.14/site-packages/playwright/_impl/_sync_base.py", line 115, in _sync
    return task.result()
           ~~~~~~~~~~~^^
  File "/Library/Frameworks/Python.framework/Versions/3.14/lib/python3.14/site-packages/playwright/_impl/_browser_type.py", line 207, in connect_over_cdp
    response = await self._channel.send_return_as_dict(
               ^^^^^^^^^^^^^^^^^^^^^^^^^^^^^^^^^^^^^^^^
        "connectOverCDP", TimeoutSettings.launch_timeout, params
        ^^^^^^^^^^^^^^^^^^^^^^^^^^^^^^^^^^^^^^^^^^^^^^^^^^^^^^^^
    )
    ^
  File "/Library/Frameworks/Python.framework/Versions/3.14/lib/python3.14/site-packages/playwright/_impl/_connection.py", line 83, in send_return_as_dict
    return await self._connection.wrap_api_call(
           ^^^^^^^^^^^^^^^^^^^^^^^^^^^^^^^^^^^^^
    ...<3 lines>...
    )
    ^
  File "/Library/Frameworks/Python.framework/Versions/3.14/lib/python3.14/site-packages/playwright/_impl/_connection.py", line 559, in wrap_api_call
    raise rewrite_error(error, f"{parsed_st['apiName']}: {error}") from None
playwright._impl._errors.Error: BrowserType.connect_over_cdp: connect ECONNREFUSED ::1:9222
Call log:
  - <ws preparing> retrieving websocket url from http://localhost:9222

2026-04-17 04:23:21,795 INFO: Using WhatsApp Web automation
2026-04-17 04:30:31,423 INFO: Using macOS Messages (osascript)
2026-04-17 04:32:11,368 INFO: Using macOS Messages (osascript)
2026-04-17 04:33:49,529 INFO: Scheduler thread started
2026-04-17 04:34:03,706 INFO: Using WhatsApp Web automation
2026-04-17 04:35:42,943 ERROR: Send failed
Traceback (most recent call last):
  File "/Users/malice/BIG BAD/Automation/auto_send.py", line 456, in on_send
    result = send_sms(number, message, method=method_key, subject=subject, attachments=attachments)
  File "/Users/malice/BIG BAD/Automation/auto_send.py", line 289, in send_sms
    return _send_via_whatsapp(number, message, attachments=attachments)
  File "/Users/malice/BIG BAD/Automation/auto_send.py", line 260, in _send_via_whatsapp
    return _send_via_whatsapp_web(number, message, attachments=attachments)
  File "/Users/malice/BIG BAD/Automation/auto_send.py", line 220, in _send_via_whatsapp_web
    page.wait_for_selector('span[data-icon="chat"]', timeout=120000)
    ~~~~~~~~~~~~~~~~~~~~~~^^^^^^^^^^^^^^^^^^^^^^^^^^^^^^^^^^^^^^^^^^
  File "/Library/Frameworks/Python.framework/Versions/3.14/lib/python3.14/site-packages/playwright/sync_api/_generated.py", line 8213, in wait_for_selector
    self._sync(
    ~~~~~~~~~~^
        self._impl_obj.wait_for_selector(
        ^^^^^^^^^^^^^^^^^^^^^^^^^^^^^^^^^
            selector=selector, timeout=timeout, state=state, strict=strict
            ^^^^^^^^^^^^^^^^^^^^^^^^^^^^^^^^^^^^^^^^^^^^^^^^^^^^^^^^^^^^^^
        )
        ^
    )
    ^
  File "/Library/Frameworks/Python.framework/Versions/3.14/lib/python3.14/site-packages/playwright/_impl/_sync_base.py", line 115, in _sync
    return task.result()
           ~~~~~~~~~~~^^
  File "/Library/Frameworks/Python.framework/Versions/3.14/lib/python3.14/site-packages/playwright/_impl/_page.py", line 419, in wait_for_selector
    return await self._main_frame.wait_for_selector(**locals_to_params(locals()))
           ^^^^^^^^^^^^^^^^^^^^^^^^^^^^^^^^^^^^^^^^^^^^^^^^^^^^^^^^^^^^^^^^^^^^^^
  File "/Library/Frameworks/Python.framework/Versions/3.14/lib/python3.14/site-packages/playwright/_impl/_frame.py", line 369, in wait_for_selector
    await self._channel.send(
        "waitForSelector", self._timeout, locals_to_params(locals())
    )
  File "/Library/Frameworks/Python.framework/Versions/3.14/lib/python3.14/site-packages/playwright/_impl/_connection.py", line 69, in send
    return await self._connection.wrap_api_call(
           ^^^^^^^^^^^^^^^^^^^^^^^^^^^^^^^^^^^^^
    ...<3 lines>...
    )
    ^
  File "/Library/Frameworks/Python.framework/Versions/3.14/lib/python3.14/site-packages/playwright/_impl/_connection.py", line 559, in wrap_api_call
    raise rewrite_error(error, f"{parsed_st['apiName']}: {error}") from None
playwright._impl._errors.TargetClosedError: Page.wait_for_selector: Target page, context or browser has been closed
Call log:
  - waiting for locator("span[data-icon=\"chat\"]") to be visible

2026-04-17 04:38:19,863 INFO: Scheduler thread started
2026-04-17 04:39:06,727 INFO: Using WhatsApp Web automation
2026-04-17 04:39:15,047 ERROR: Failed to automate WhatsApp: BrowserType.connect_over_cdp: connect ECONNREFUSED ::1:9222
Call log:
  - <ws preparing> retrieving websocket url from http://localhost:9222

2026-04-17 04:39:15,097 ERROR: Send failed
Traceback (most recent call last):
  File "/Users/malice/BIG BAD/Automation/auto_send.py", line 465, in on_send
    result = send_sms(number, message, method=method_key, subject=subject, attachments=attachments)
  File "/Users/malice/BIG BAD/Automation/auto_send.py", line 298, in send_sms
    return _send_via_whatsapp(number, message, attachments=attachments)
  File "/Users/malice/BIG BAD/Automation/auto_send.py", line 269, in _send_via_whatsapp
    return _send_via_whatsapp_web(number, message, attachments=attachments)
  File "/Users/malice/BIG BAD/Automation/auto_send.py", line 220, in _send_via_whatsapp_web
    browser = pw.chromium.connect_over_cdp("http://localhost:9222")
  File "/Library/Frameworks/Python.framework/Versions/3.14/lib/python3.14/site-packages/playwright/sync_api/_generated.py", line 14975, in connect_over_cdp
    self._sync(
    ~~~~~~~~~~^
        self._impl_obj.connect_over_cdp(
        ^^^^^^^^^^^^^^^^^^^^^^^^^^^^^^^^
    ...<4 lines>...
        )
        ^
    )
    ^
  File "/Library/Frameworks/Python.framework/Versions/3.14/lib/python3.14/site-packages/playwright/_impl/_sync_base.py", line 115, in _sync
    return task.result()
           ~~~~~~~~~~~^^
  File "/Library/Frameworks/Python.framework/Versions/3.14/lib/python3.14/site-packages/playwright/_impl/_browser_type.py", line 207, in connect_over_cdp
    response = await self._channel.send_return_as_dict(
               ^^^^^^^^^^^^^^^^^^^^^^^^^^^^^^^^^^^^^^^^
        "connectOverCDP", TimeoutSettings.launch_timeout, params
        ^^^^^^^^^^^^^^^^^^^^^^^^^^^^^^^^^^^^^^^^^^^^^^^^^^^^^^^^
    )
    ^
  File "/Library/Frameworks/Python.framework/Versions/3.14/lib/python3.14/site-packages/playwright/_impl/_connection.py", line 83, in send_return_as_dict
    return await self._connection.wrap_api_call(
           ^^^^^^^^^^^^^^^^^^^^^^^^^^^^^^^^^^^^^
    ...<3 lines>...
    )
    ^
  File "/Library/Frameworks/Python.framework/Versions/3.14/lib/python3.14/site-packages/playwright/_impl/_connection.py", line 559, in wrap_api_call
    raise rewrite_error(error, f"{parsed_st['apiName']}: {error}") from None
playwright._impl._errors.Error: BrowserType.connect_over_cdp: connect ECONNREFUSED ::1:9222
Call log:
  - <ws preparing> retrieving websocket url from http://localhost:9222

2026-04-17 04:39:27,412 INFO: Using WhatsApp Web automation
2026-04-17 04:39:34,734 ERROR: Failed to automate WhatsApp: BrowserType.connect_over_cdp: connect ECONNREFUSED ::1:9222
Call log:
  - <ws preparing> retrieving websocket url from http://localhost:9222

2026-04-17 04:39:34,786 ERROR: Send failed
Traceback (most recent call last):
  File "/Users/malice/BIG BAD/Automation/auto_send.py", line 465, in on_send
    result = send_sms(number, message, method=method_key, subject=subject, attachments=attachments)
  File "/Users/malice/BIG BAD/Automation/auto_send.py", line 298, in send_sms
    return _send_via_whatsapp(number, message, attachments=attachments)
  File "/Users/malice/BIG BAD/Automation/auto_send.py", line 269, in _send_via_whatsapp
    return _send_via_whatsapp_web(number, message, attachments=attachments)
  File "/Users/malice/BIG BAD/Automation/auto_send.py", line 220, in _send_via_whatsapp_web
    browser = pw.chromium.connect_over_cdp("http://localhost:9222")
  File "/Library/Frameworks/Python.framework/Versions/3.14/lib/python3.14/site-packages/playwright/sync_api/_generated.py", line 14975, in connect_over_cdp
    self._sync(
    ~~~~~~~~~~^
        self._impl_obj.connect_over_cdp(
        ^^^^^^^^^^^^^^^^^^^^^^^^^^^^^^^^
    ...<4 lines>...
        )
        ^
    )
    ^
  File "/Library/Frameworks/Python.framework/Versions/3.14/lib/python3.14/site-packages/playwright/_impl/_sync_base.py", line 115, in _sync
    return task.result()
           ~~~~~~~~~~~^^
  File "/Library/Frameworks/Python.framework/Versions/3.14/lib/python3.14/site-packages/playwright/_impl/_browser_type.py", line 207, in connect_over_cdp
    response = await self._channel.send_return_as_dict(
               ^^^^^^^^^^^^^^^^^^^^^^^^^^^^^^^^^^^^^^^^
        "connectOverCDP", TimeoutSettings.launch_timeout, params
        ^^^^^^^^^^^^^^^^^^^^^^^^^^^^^^^^^^^^^^^^^^^^^^^^^^^^^^^^
    )
    ^
  File "/Library/Frameworks/Python.framework/Versions/3.14/lib/python3.14/site-packages/playwright/_impl/_connection.py", line 83, in send_return_as_dict
    return await self._connection.wrap_api_call(
           ^^^^^^^^^^^^^^^^^^^^^^^^^^^^^^^^^^^^^
    ...<3 lines>...
    )
    ^
  File "/Library/Frameworks/Python.framework/Versions/3.14/lib/python3.14/site-packages/playwright/_impl/_connection.py", line 559, in wrap_api_call
    raise rewrite_error(error, f"{parsed_st['apiName']}: {error}") from None
playwright._impl._errors.Error: BrowserType.connect_over_cdp: connect ECONNREFUSED ::1:9222
Call log:
  - <ws preparing> retrieving websocket url from http://localhost:9222

2026-04-17 04:44:10,550 INFO: Using macOS Messages (osascript)
2026-04-17 04:44:41,164 INFO: Using WhatsApp Web via browser automation
2026-04-17 04:44:45,822 ERROR: Failed to send via WhatsApp Web: BrowserType.launch_persistent_context: Target page, context or browser has been closed
Browser logs:

<launching> /Users/malice/Library/Caches/ms-playwright/chromium-1200/chrome-mac-x64/Google Chrome for Testing.app/Contents/MacOS/Google Chrome for Testing --disable-field-trial-config --disable-background-networking --disable-background-timer-throttling --disable-backgrounding-occluded-windows --disable-back-forward-cache --disable-breakpad --disable-client-side-phishing-detection --disable-component-extensions-with-background-pages --disable-component-update --no-default-browser-check --disable-default-apps --disable-dev-shm-usage --disable-extensions --disable-features=AcceptCHFrame,AvoidUnnecessaryBeforeUnloadCheckSync,DestroyProfileOnBrowserClose,DialMediaRouteProvider,GlobalMediaControls,HttpsUpgrades,LensOverlay,MediaRouter,PaintHolding,ThirdPartyStoragePartitioning,Translate,AutoDeElevate,RenderDocument,OptimizationHints --enable-features=CDPScreenshotNewSurface --allow-pre-commit-input --disable-hang-monitor --disable-ipc-flooding-protection --disable-popup-blocking --disable-prompt-on-repost --disable-renderer-backgrounding --force-color-profile=srgb --metrics-recording-only --no-first-run --password-store=basic --use-mock-keychain --no-service-autorun --export-tagged-pdf --disable-search-engine-choice-screen --unsafely-disable-devtools-self-xss-warnings --edge-skip-compat-layer-relaunch --enable-automation --disable-infobars --disable-search-engine-choice-screen --disable-sync --enable-unsafe-swiftshader --no-sandbox --start-maximized --user-data-dir=/Users/malice/Library/Application Support/WhatsApp --remote-debugging-pipe about:blank
<launched> pid=18262
[pid=18262][err] [18270:391885:0417/044444.415118:ERROR:ui/gl/egl_util.cc:92] EGL Driver message (Error) eglQueryDeviceAttribEXT: Bad attribute.
[pid=18262][err] [18270:391885:0417/044444.424953:ERROR:ui/gl/egl_util.cc:92] EGL Driver message (Error) eglQueryDeviceAttribEXT: Bad attribute.
[pid=18262][err] [18270:391885:0417/044444.425907:ERROR:ui/gl/egl_util.cc:92] EGL Driver message (Error) eglQueryDeviceAttribEXT: Bad attribute.
[pid=18262][err] [18271:391908:0417/044445.697387:ERROR:net/socket/ssl_client_socket_impl.cc:916] handshake failed; returned -1, SSL error code 1, net_error -3
Call log:
  - <launching> /Users/malice/Library/Caches/ms-playwright/chromium-1200/chrome-mac-x64/Google Chrome for Testing.app/Contents/MacOS/Google Chrome for Testing --disable-field-trial-config --disable-background-networking --disable-background-timer-throttling --disable-backgrounding-occluded-windows --disable-back-forward-cache --disable-breakpad --disable-client-side-phishing-detection --disable-component-extensions-with-background-pages --disable-component-update --no-default-browser-check --disable-default-apps --disable-dev-shm-usage --disable-extensions --disable-features=AcceptCHFrame,AvoidUnnecessaryBeforeUnloadCheckSync,DestroyProfileOnBrowserClose,DialMediaRouteProvider,GlobalMediaControls,HttpsUpgrades,LensOverlay,MediaRouter,PaintHolding,ThirdPartyStoragePartitioning,Translate,AutoDeElevate,RenderDocument,OptimizationHints --enable-features=CDPScreenshotNewSurface --allow-pre-commit-input --disable-hang-monitor --disable-ipc-flooding-protection --disable-popup-blocking --disable-prompt-on-repost --disable-renderer-backgrounding --force-color-profile=srgb --metrics-recording-only --no-first-run --password-store=basic --use-mock-keychain --no-service-autorun --export-tagged-pdf --disable-search-engine-choice-screen --unsafely-disable-devtools-self-xss-warnings --edge-skip-compat-layer-relaunch --enable-automation --disable-infobars --disable-search-engine-choice-screen --disable-sync --enable-unsafe-swiftshader --no-sandbox --start-maximized --user-data-dir=/Users/malice/Library/Application Support/WhatsApp --remote-debugging-pipe about:blank
  - <launched> pid=18262
  - [pid=18262][err] [18270:391885:0417/044444.415118:ERROR:ui/gl/egl_util.cc:92] EGL Driver message (Error) eglQueryDeviceAttribEXT: Bad attribute.
  - [pid=18262][err] [18270:391885:0417/044444.424953:ERROR:ui/gl/egl_util.cc:92] EGL Driver message (Error) eglQueryDeviceAttribEXT: Bad attribute.
  - [pid=18262][err] [18270:391885:0417/044444.425907:ERROR:ui/gl/egl_util.cc:92] EGL Driver message (Error) eglQueryDeviceAttribEXT: Bad attribute.
  - [pid=18262][err] [18271:391908:0417/044445.697387:ERROR:net/socket/ssl_client_socket_impl.cc:916] handshake failed; returned -1, SSL error code 1, net_error -3
  - [pid=18262] <gracefully close start>
  - [pid=18262] <kill>
  - [pid=18262] <will force kill>
  - [pid=18262] exception while trying to kill process: Error: kill EPERM
  - [pid=18262] <process did exit: exitCode=null, signal=SIGTRAP>
  - [pid=18262] starting temporary directories cleanup
  - [pid=18262] finished temporary directories cleanup
  - [pid=18262] <gracefully close end>

2026-04-17 04:45:54,102 INFO: Using WhatsApp Web via browser automation
2026-04-17 04:45:59,565 ERROR: Failed to send via WhatsApp Web: BrowserType.launch_persistent_context: Target page, context or browser has been closed
Browser logs:

<launching> /Users/malice/Library/Caches/ms-playwright/chromium-1200/chrome-mac-x64/Google Chrome for Testing.app/Contents/MacOS/Google Chrome for Testing --disable-field-trial-config --disable-background-networking --disable-background-timer-throttling --disable-backgrounding-occluded-windows --disable-back-forward-cache --disable-breakpad --disable-client-side-phishing-detection --disable-component-extensions-with-background-pages --disable-component-update --no-default-browser-check --disable-default-apps --disable-dev-shm-usage --disable-extensions --disable-features=AcceptCHFrame,AvoidUnnecessaryBeforeUnloadCheckSync,DestroyProfileOnBrowserClose,DialMediaRouteProvider,GlobalMediaControls,HttpsUpgrades,LensOverlay,MediaRouter,PaintHolding,ThirdPartyStoragePartitioning,Translate,AutoDeElevate,RenderDocument,OptimizationHints --enable-features=CDPScreenshotNewSurface --allow-pre-commit-input --disable-hang-monitor --disable-ipc-flooding-protection --disable-popup-blocking --disable-prompt-on-repost --disable-renderer-backgrounding --force-color-profile=srgb --metrics-recording-only --no-first-run --password-store=basic --use-mock-keychain --no-service-autorun --export-tagged-pdf --disable-search-engine-choice-screen --unsafely-disable-devtools-self-xss-warnings --edge-skip-compat-layer-relaunch --enable-automation --disable-infobars --disable-search-engine-choice-screen --disable-sync --enable-unsafe-swiftshader --no-sandbox --start-maximized --disable-blink-features=AutomationControlled --user-data-dir=/Users/malice/Library/Application Support/WhatsApp --remote-debugging-pipe about:blank
<launched> pid=18636
[pid=18636][err] [18644:393321:0417/044558.226398:ERROR:ui/gl/egl_util.cc:92] EGL Driver message (Error) eglQueryDeviceAttribEXT: Bad attribute.
[pid=18636][err] [18644:393321:0417/044558.248802:ERROR:ui/gl/egl_util.cc:92] EGL Driver message (Error) eglQueryDeviceAttribEXT: Bad attribute.
[pid=18636][err] [18644:393321:0417/044558.249865:ERROR:ui/gl/egl_util.cc:92] EGL Driver message (Error) eglQueryDeviceAttribEXT: Bad attribute.
[pid=18636][err] [18645:393346:0417/044559.427436:ERROR:net/socket/ssl_client_socket_impl.cc:916] handshake failed; returned -1, SSL error code 1, net_error -3
[pid=18636][err] [18645:393346:0417/044559.430283:ERROR:net/socket/ssl_client_socket_impl.cc:916] handshake failed; returned -1, SSL error code 1, net_error -3
Call log:
  - <launching> /Users/malice/Library/Caches/ms-playwright/chromium-1200/chrome-mac-x64/Google Chrome for Testing.app/Contents/MacOS/Google Chrome for Testing --disable-field-trial-config --disable-background-networking --disable-background-timer-throttling --disable-backgrounding-occluded-windows --disable-back-forward-cache --disable-breakpad --disable-client-side-phishing-detection --disable-component-extensions-with-background-pages --disable-component-update --no-default-browser-check --disable-default-apps --disable-dev-shm-usage --disable-extensions --disable-features=AcceptCHFrame,AvoidUnnecessaryBeforeUnloadCheckSync,DestroyProfileOnBrowserClose,DialMediaRouteProvider,GlobalMediaControls,HttpsUpgrades,LensOverlay,MediaRouter,PaintHolding,ThirdPartyStoragePartitioning,Translate,AutoDeElevate,RenderDocument,OptimizationHints --enable-features=CDPScreenshotNewSurface --allow-pre-commit-input --disable-hang-monitor --disable-ipc-flooding-protection --disable-popup-blocking --disable-prompt-on-repost --disable-renderer-backgrounding --force-color-profile=srgb --metrics-recording-only --no-first-run --password-store=basic --use-mock-keychain --no-service-autorun --export-tagged-pdf --disable-search-engine-choice-screen --unsafely-disable-devtools-self-xss-warnings --edge-skip-compat-layer-relaunch --enable-automation --disable-infobars --disable-search-engine-choice-screen --disable-sync --enable-unsafe-swiftshader --no-sandbox --start-maximized --disable-blink-features=AutomationControlled --user-data-dir=/Users/malice/Library/Application Support/WhatsApp --remote-debugging-pipe about:blank
  - <launched> pid=18636
  - [pid=18636][err] [18644:393321:0417/044558.226398:ERROR:ui/gl/egl_util.cc:92] EGL Driver message (Error) eglQueryDeviceAttribEXT: Bad attribute.
  - [pid=18636][err] [18644:393321:0417/044558.248802:ERROR:ui/gl/egl_util.cc:92] EGL Driver message (Error) eglQueryDeviceAttribEXT: Bad attribute.
  - [pid=18636][err] [18644:393321:0417/044558.249865:ERROR:ui/gl/egl_util.cc:92] EGL Driver message (Error) eglQueryDeviceAttribEXT: Bad attribute.
  - [pid=18636][err] [18645:393346:0417/044559.427436:ERROR:net/socket/ssl_client_socket_impl.cc:916] handshake failed; returned -1, SSL error code 1, net_error -3
  - [pid=18636][err] [18645:393346:0417/044559.430283:ERROR:net/socket/ssl_client_socket_impl.cc:916] handshake failed; returned -1, SSL error code 1, net_error -3
  - [pid=18636] <gracefully close start>
  - [pid=18636] <kill>
  - [pid=18636] <will force kill>
  - [pid=18636] exception while trying to kill process: Error: kill ESRCH
  - [pid=18636] <process did exit: exitCode=null, signal=SIGTRAP>
  - [pid=18636] starting temporary directories cleanup
  - [pid=18636] finished temporary directories cleanup
  - [pid=18636] <gracefully close end>

2026-04-17 04:45:59,565 INFO: Falling back to WhatsApp deeplink
2026-04-17 04:45:59,987 INFO: Opened WhatsApp for 1234567890 via deeplink
2026-04-17 04:48:05,163 INFO: Using native WhatsApp macOS app automation
2026-04-17 04:48:20,137 INFO: Message sent to WhatsApp contact 1234567890
2026-04-17 04:49:06,961 INFO: Scheduler thread started
2026-04-17 04:49:21,890 INFO: Using native WhatsApp macOS app automation
2026-04-17 04:49:30,074 INFO: Message sent to WhatsApp contact 2348131044675
2026-04-17 04:49:50,455 INFO: Using native WhatsApp macOS app automation
2026-04-17 04:49:58,364 INFO: Message sent to WhatsApp contact 2347041978949
2026-04-17 04:53:29,461 INFO: Using native WhatsApp macOS app via URL scheme
2026-04-17 04:53:29,463 INFO: Opening WhatsApp with pre-filled message
2026-04-17 04:53:35,876 INFO: Message sent to WhatsApp contact 1234567890
2026-04-17 04:54:46,668 INFO: Using native WhatsApp macOS app automation
2026-04-17 04:54:46,670 ERROR: Failed to send via WhatsApp: Popen.__init__() got an unexpected keyword argument 'check'
2026-04-17 04:55:28,152 INFO: Using native WhatsApp macOS app automation
2026-04-17 04:55:28,264 INFO: Copied message to clipboard
2026-04-17 04:55:28,774 INFO: Opening WhatsApp chat
2026-04-17 04:55:35,465 INFO: Pasted message
2026-04-17 04:55:36,859 INFO: Pressed Enter to send message to 1234567890
2026-04-17 04:57:22,606 INFO: Using WhatsApp Web browser automation
2026-04-17 04:57:28,109 INFO: Opening WhatsApp Web for contact 919876543210
2026-04-17 04:58:13,739 ERROR: Message input not found: Page.wait_for_selector: Timeout 30000ms exceeded.
Call log:
  - waiting for locator("div[contenteditable=\"true\"]") to be visible

2026-04-17 04:58:14,438 ERROR: Failed to send via WhatsApp Web: Page.wait_for_selector: Timeout 30000ms exceeded.
Call log:
  - waiting for locator("div[contenteditable=\"true\"]") to be visible

2026-04-17 04:58:14,438 INFO: Falling back to WhatsApp app
2026-04-17 04:58:15,186 WARNING: Opened WhatsApp - message must be sent manually or use Messages/iMessage instead
2026-04-17 04:58:15,188 ERROR: All WhatsApp methods failed: WhatsApp Web automation failed, opened app manually. Use Messages for automatic sending.
2026-04-17 04:58:46,157 INFO: Attempting WhatsApp automation
2026-04-17 04:58:49,468 INFO: Opening WhatsApp Web
2026-04-17 04:59:10,454 INFO: Trying to send via Enter key
2026-04-17 04:59:11,065 INFO: Message sent via Enter key
2026-04-17 04:59:29,435 INFO: Scheduler thread started
2026-04-17 04:59:46,447 INFO: Attempting WhatsApp automation
2026-04-17 04:59:49,556 INFO: Opening WhatsApp Web
2026-04-17 04:59:55,137 INFO: Trying to send via Enter key
2026-04-17 04:59:56,199 WARNING: WhatsApp Web automation failed: Keyboard.press: Target page, context or browser has been closed - falling back to Messages
2026-04-17 04:59:56,199 INFO: Using macOS Messages (osascript)
2026-04-17 05:01:18,143 INFO: Scheduler thread started
2026-04-17 05:01:24,553 INFO: Using native WhatsApp macOS application
2026-04-17 05:01:24,553 INFO: Opening WhatsApp chat
2026-04-17 05:01:31,565 INFO: Copied message to clipboard
2026-04-17 05:01:31,993 INFO: Pasted message
2026-04-17 05:01:33,349 INFO: Message sent to WhatsApp contact 2348131044675
2026-04-17 05:02:48,343 INFO: Using native WhatsApp macOS application
2026-04-17 05:02:48,345 INFO: Opening WhatsApp chat
2026-04-17 05:02:55,142 INFO: Copied message to clipboard
2026-04-17 05:02:55,537 INFO: Pasted message
2026-04-17 05:02:56,937 INFO: Message sent to WhatsApp contact 2348131044675
2026-04-17 05:03:02,325 INFO: Using native WhatsApp macOS application
2026-04-17 05:03:02,327 INFO: Opening WhatsApp chat
2026-04-17 05:03:09,077 INFO: Copied message to clipboard
2026-04-17 05:03:09,500 INFO: Pasted message
2026-04-17 05:03:10,834 INFO: Message sent to WhatsApp contact 1234567890
2026-04-17 05:04:47,923 INFO: Scheduler thread started
2026-04-17 05:05:07,702 INFO: Using native WhatsApp macOS application
2026-04-17 05:05:07,703 INFO: Opening WhatsApp chat
2026-04-17 05:05:14,193 INFO: Copied message to clipboard
2026-04-17 05:05:14,600 INFO: Pasted message
2026-04-17 05:05:16,009 INFO: Message sent to WhatsApp contact 2348131044675
2026-04-17 05:06:00,409 INFO: Executing scheduled send: Send to +2348131044675 at 2026-04-17 05:06
2026-04-17 05:06:00,414 INFO: Executing scheduled send to +2348131044675
2026-04-17 05:06:00,415 INFO: Using native WhatsApp macOS application
2026-04-17 05:06:00,415 INFO: Opening WhatsApp chat
2026-04-17 05:06:06,832 INFO: Copied message to clipboard
2026-04-17 05:06:07,154 INFO: Pasted message
2026-04-17 05:06:08,464 INFO: Message sent to WhatsApp contact 2348131044675
